[debug] [2021-06-03T19:07:29.891Z] ----------------------------------------------------------------------
[debug] [2021-06-03T19:07:29.894Z] Command:       C:\Program Files\nodejs\node.exe C:\Users\musah\AppData\Roaming\npm\node_modules\firebase-tools\lib\bin\firebase.js init
[debug] [2021-06-03T19:07:29.894Z] CLI Version:   9.12.1
[debug] [2021-06-03T19:07:29.894Z] Platform:      win32
[debug] [2021-06-03T19:07:29.894Z] Node Version:  v14.17.0
[debug] [2021-06-03T19:07:29.895Z] Time:          Thu Jun 03 2021 19:07:29 GMT+0000 (Greenwich Mean Time)
[debug] [2021-06-03T19:07:29.895Z] ----------------------------------------------------------------------
[debug] 
[debug] [2021-06-03T19:07:29.900Z] > command requires scopes: ["email","openid","https://www.googleapis.com/auth/cloudplatformprojects.readonly","https://www.googleapis.com/auth/firebase","https://www.googleapis.com/auth/cloud-platform"]
[debug] [2021-06-03T19:07:29.901Z] > authorizing via signed-in user (musahibrahimali@gmail.com)
[info] 
     ######## #### ########  ######## ########     ###     ######  ########
     ##        ##  ##     ## ##       ##     ##  ##   ##  ##       ##
     ######    ##  ########  ######   ########  #########  ######  ######
     ##        ##  ##    ##  ##       ##     ## ##     ##       ## ##
     ##       #### ##     ## ######## ########  ##     ##  ######  ########

You're about to initialize a Firebase project in this directory:

  E:\DEV\WebstormProjects\amazon-clone-project

[info] 
=== Project Setup
[info] 
[info] First, let's associate this project directory with a Firebase project.
[info] You can create multiple project aliases by running firebase use --add, 
[info] but for now we'll just set up a default project.
[info] 
[debug] [2021-06-03T19:07:38.107Z] >>> [apiv2][query] GET https://firebase.googleapis.com/v1beta1/projects pageSize=100
[debug] [2021-06-03T19:07:38.125Z] Failed to make request to https://firebase.googleapis.com/v1beta1/projects?pageSize=100
[debug] [2021-06-03T19:07:38.133Z] FirebaseError: Failed to make request to https://firebase.googleapis.com/v1beta1/projects?pageSize=100
    at Client.doRequest (C:\Users\musah\AppData\Roaming\npm\node_modules\firebase-tools\lib\apiv2.js:211:19)
    at processTicksAndRejections (internal/process/task_queues.js:95:5)
    at async Client.request (C:\Users\musah\AppData\Roaming\npm\node_modules\firebase-tools\lib\apiv2.js:96:20)
    at async getProjectPage (C:\Users\musah\AppData\Roaming\npm\node_modules\firebase-tools\lib\management\projects.js:233:17)
    at async getFirebaseProjectPage (C:\Users\musah\AppData\Roaming\npm\node_modules\firebase-tools\lib\management\projects.js:250:23)
    at async selectProjectInteractively (C:\Users\musah\AppData\Roaming\npm\node_modules\firebase-tools\lib\management\projects.js:95:41)
    at async Object.doSetup [as project] (C:\Users\musah\AppData\Roaming\npm\node_modules\firebase-tools\lib\init\features\project.js:87:27)
    at async init (C:\Users\musah\AppData\Roaming\npm\node_modules\firebase-tools\lib\init\index.js:19:9)
[error] 
[error] Error: Failed to list Firebase projects. See firebase-debug.log for more info.
[debug] [2021-06-03T19:07:47.957Z] ----------------------------------------------------------------------
[debug] [2021-06-03T19:07:47.959Z] Command:       C:\Program Files\nodejs\node.exe C:\Users\musah\AppData\Roaming\npm\node_modules\firebase-tools\lib\bin\firebase.js init
[debug] [2021-06-03T19:07:47.959Z] CLI Version:   9.12.1
[debug] [2021-06-03T19:07:47.959Z] Platform:      win32
[debug] [2021-06-03T19:07:47.959Z] Node Version:  v14.17.0
[debug] [2021-06-03T19:07:47.960Z] Time:          Thu Jun 03 2021 19:07:47 GMT+0000 (Greenwich Mean Time)
[debug] [2021-06-03T19:07:47.960Z] ----------------------------------------------------------------------
[debug] 
[debug] [2021-06-03T19:07:47.966Z] > command requires scopes: ["email","openid","https://www.googleapis.com/auth/cloudplatformprojects.readonly","https://www.googleapis.com/auth/firebase","https://www.googleapis.com/auth/cloud-platform"]
[debug] [2021-06-03T19:07:47.966Z] > authorizing via signed-in user (musahibrahimali@gmail.com)
[info] 
     ######## #### ########  ######## ########     ###     ######  ########
     ##        ##  ##     ## ##       ##     ##  ##   ##  ##       ##
     ######    ##  ########  ######   ########  #########  ######  ######
     ##        ##  ##    ##  ##       ##     ## ##     ##       ## ##
     ##       #### ##     ## ######## ########  ##     ##  ######  ########

You're about to initialize a Firebase project in this directory:

  E:\DEV\WebstormProjects\amazon-clone-project

